Arguments: 
  C:\Program Files\nodejs\node.exe C:\Program Files (x86)\Yarn\bin\yarn.js add js-confetti

PATH: 
  C:\Program Files\Git\mingw64\bin;C:\Program Files\Git\usr\bin;C:\Users\yanai\bin;C:\Python39\Scripts;C:\Python39;C:\Program Files (x86)\Common Files\Oracle\Java\javapath;C:\Program Files (x86)\Razer\ChromaBroadcast\bin;C:\Program Files\Razer\ChromaBroadcast\bin;C:\Program Files (x86)\Google\Chrome\Application;D:\Program Files\python\Scripts;D:\Program Files\python;C:\ProgramData\Boxstarter;C:\Program Files (x86)\Razer Chroma SDK\bin;C:\Program Files\Razer Chroma SDK\bin;C:\WINDOWS\system32;C:\WINDOWS;C:\WINDOWS\System32\Wbem;C:\WINDOWS\System32\WindowsPowerShell\v1.0;G:\xampp\php;C:\Program Files (x86)\WinSCP;C:\Program Files (x86)\AMD\ATI.ACE\Core-Static;C:\Users\yanai\AppData\Local\Microsoft\WindowsApps;C:\Users\yanai\AppData\Roaming\Composer\vendor\bin;D:\Program Files (x86)\Microsoft VS Code\bin;C:\Program Files (x86)\Skype\Phone;C:\WINDOWS\System32\OpenSSH;C:\Program Files\Microsoft VS Code\bin;C:\ProgramData\chocolatey\bin;C:\Program Files (x86)\NVIDIA Corporation\PhysX\Common;C:\Program Files\NVIDIA Corporation\NVIDIA NvDLISR;C:\Program Files (x86)\Yarn\bin;C:\Ruby22-x64\bin;C:\Users\yanai\AppData\Local\Programs\Microsoft VS Code\bin;C:\Program Files\JetBrains\WebStorm 2018.3\bin;C:\Users\yanai\AppData\Local\Yarn\bin;C:\Users\yanai\AppData\Roaming\npm;C:\Users\yanai\.deno\bin;C:\WINDOWS\system32;C:\WINDOWS;C:\WINDOWS\System32\Wbem;C:\WINDOWS\System32\WindowsPowerShell\v1.0;C:\WINDOWS\System32\OpenSSH;C:\Program Files\Git\cmd;C:\Users\yanai\AppData\Roaming\nvm;C:\Program Files\nodejs;C:\Program Files\Amazon\AWSCLIV2;C:\Program Files\nodejs;C:\Program Files (x86)\QuickTime\QTSystem;C:\Ruby22-x64\bin;C:\Users\yanai\AppData\Local\Microsoft\WindowsApps;C:\Program Files\Microsoft VS Code\bin;C:\Users\yanai\AppData\Local\Programs\Microsoft VS Code\bin;C:\Program Files\JetBrains\WebStorm 2018.3\bin;C:\Users\yanai\AppData\Local\Yarn\bin;C:\Users\yanai\.deno\bin;C:\Users\yanai\AppData\Local\Microsoft\WindowsApps;C:\Users\yanai\AppData\Roaming\nvm;C:\Program Files\nodejs;C:\Users\yanai\AppData\Roaming\npm

Yarn version: 
  1.15.2

Node version: 
  14.17.3

Platform: 
  win32 x64

Trace: 
  Error: EPERM: operation not permitted, unlink 'M:\lavi-bar-mizva\node_modules\esbuild-windows-64\esbuild.exe'

npm manifest: 
  {
    "name": "lavi-bar-mizva",
    "version": "0.0.0",
    "scripts": {
      "dev": "vite",
      "build": "tsc && vite build",
      "preview": "vite preview"
    },
    "devDependencies": {
      "sass": "^1.49.7",
      "typescript": "^4.4.4",
      "vite": "^2.7.2"
    },
    "dependencies": {
      "animate.css": "^4.1.1",
      "bulma": "^0.9.3",
      "firebase": "^9.6.6"
    }
  }

yarn manifest: 
  No manifest

Lockfile: 
  No lockfile
